[     249ms] [LOG] 32 months ago @ https://webapps-cdn.esri.com/CDN/components/global-nav/js/gn.js:1
[     579ms] [INFO] nav: [Object, Object, Object, Object, Object] @ https://www.esri.com/etc.clientlibs/esri-sites/clientlibs/components.js:3130
[     630ms] [LOG] JsAgent asyncCore initialization failed! @ https://js-cdn.dynatrace.com/jstag/16294a69b33/ruxitagent_A2QSVfhqru_10223210811140219.js:198
[     706ms] ReferenceError: OTCompleteCount is not defined
    at <anonymous>:109:71
    at e._insertCursor (https://mtags.esri.com/tags.js:17:3843)
    at e._writeScriptToken (https://mtags.esri.com/tags.js:17:4496)
    at e._handleScriptToken (https://mtags.esri.com/tags.js:17:3055)
    at e._writeImpl (https://mtags.esri.com/tags.js:17:1667)
    at e.write (https://mtags.esri.com/tags.js:17:1230)
    at e._onScriptDone (https://mtags.esri.com/tags.js:17:4078)
    at https://mtags.esri.com/tags.js:17:3089
    at https://mtags.esri.com/tags.js:17:4476
    at n (https://mtags.esri.com/tags.js:17:4871)
[     709ms] [LOG] Munchkin code is:693-LUA-068 @ :3
[     994ms] [ERROR] Failed to load resource: net::ERR_BLOCKED_BY_RESPONSE.NotSameOrigin @ https://go.esri.com/dcjs/82202/1182/dc.js:0
[    1125ms] [LOG] demandbase event fired @ https://mtags.esri.com/tags.js:33
[    1590ms] [LOG] visitor.publishDestinations() result: The destination publishing iframe is already attached and loaded. @ https://assets.adobedtm.com/extensions/EP31dbb9c60e404ba1aa6e746d49be6f29/AppMeasurement_Module_AudienceManagement.min.js:1
[    1648ms] [ERROR] Failed to load resource: the server responded with a status of 404 () @ https://www.esri.com/favicon.ico:0
[    1903ms] Unexpected identifier 'content'
[    1910ms] [ERROR] Failed to load resource: the server responded with a status of 401 () @ https://my.greenhouse.io/users/self?job_post_id=5070036007:0
[    1911ms] UnauthorizedError: Unauthorized: User is not logged in.
    at Gs.fetchProfile (https://job-boards.cdn.greenhouse.io/assets/entry.client-6xjydqH5.js:61:71218)
[    2816ms] [ERROR] Failed to load resource: net::ERR_NAME_NOT_RESOLVED @ https://sync.search.spotxchange.com/partner?adv_id=6409&uid=aeh6AAAAABppRQNx&img=1:0
[ 1800580ms] TypeError: Cannot read properties of undefined (reading 'bcv')
    at Na (<anonymous>:18:174)
    at rb (<anonymous>:40:33)
    at N (<anonymous>:21:142)
