[    1164ms] [WARNING] BASE_URL_ATTR "data-base-url" not found @ https://static.oracle.com/cdn/fa/oj-hcm-ce/2601.16.260640537/js/main-minimal.js:1
[    1235ms] [INFO] No translation for key: apply-flow.communication-channel.sms-button-label (en) @ https://static.oracle.com/cdn/fa/oj-hcm-ce/2601.16.260640537/js/main-minimal.js:1
[    1235ms] [INFO] No translation for key: apply-flow.communication-channel.whatsapp-button-label (en) @ https://static.oracle.com/cdn/fa/oj-hcm-ce/2601.16.260640537/js/main-minimal.js:1
[    1300ms] [LOG] [FR PHONE VALIDATION] No relevant page detected. @ https://fa-exty-saasfaprod1.fa.ocs.oraclecloud.com/hcmUI/CandExpStatic/js/ce-custom.js?themeNumber=default_minimal_theme_CX_1&themeVersion=6&brandVersion=19:112
[    1445ms] [WARNING] Unknown global setting - ORA_IRC_CE_GJS_ENABLED @ https://static.oracle.com/cdn/fa/oj-hcm-ce/2601.16.260640537/js/main-minimal.js:1
[    1445ms] [WARNING] Unknown global setting - ORA_IRC_USER_TRACKING_ENABLE @ https://static.oracle.com/cdn/fa/oj-hcm-ce/2601.16.260640537/js/main-minimal.js:1
[    1445ms] [WARNING] Unknown global setting - ORA_IRC_NUMBER_OF_JOBS_TO_BE_LOADED_ON_MAP @ https://static.oracle.com/cdn/fa/oj-hcm-ce/2601.16.260640537/js/main-minimal.js:1
[    1445ms] [WARNING] Unknown global setting - ORA_IRC_FALLBACK_TO_SPRING @ https://static.oracle.com/cdn/fa/oj-hcm-ce/2601.16.260640537/js/main-minimal.js:1
[    1445ms] [WARNING] Unknown global setting - IRC_CE_USE_MODERN_TEMPLATE @ https://static.oracle.com/cdn/fa/oj-hcm-ce/2601.16.260640537/js/main-minimal.js:1
[    1445ms] [WARNING] Unknown global setting - ORA_IRC_EXWKR_CWKEXT_CITIZENSHIP_UPDATE_RECRUITER @ https://static.oracle.com/cdn/fa/oj-hcm-ce/2601.16.260640537/js/main-minimal.js:1
[    1445ms] [WARNING] Unknown global setting - IRC_CE_AGENT_STARTER_MESSAGE @ https://static.oracle.com/cdn/fa/oj-hcm-ce/2601.16.260640537/js/main-minimal.js:1
[    1745ms] [INFO] No translation for key: admin.ai-assistant-editor.header-background-color-label (en) @ https://static.oracle.com/cdn/fa/oj-hcm-ce/2601.16.260640537/js/main-minimal.js:1
[    1753ms] [LOG] [FR PHONE VALIDATION] No relevant page detected. @ https://fa-exty-saasfaprod1.fa.ocs.oraclecloud.com/hcmUI/CandExpStatic/js/ce-custom.js?themeNumber=default_minimal_theme_CX_1&themeVersion=6&brandVersion=19:112
[    1771ms] [INFO] No translation for key: Skip to main content. (en) @ https://static.oracle.com/cdn/fa/oj-hcm-ce/2601.16.260640537/js/main-minimal.js:1
[    1836ms] [LOG] [FR PHONE VALIDATION] No relevant page detected. @ https://fa-exty-saasfaprod1.fa.ocs.oraclecloud.com/hcmUI/CandExpStatic/js/ce-custom.js?themeNumber=default_minimal_theme_CX_1&themeVersion=6&brandVersion=19:112
[    1905ms] [LOG] [FR PHONE VALIDATION] No relevant page detected. @ https://fa-exty-saasfaprod1.fa.ocs.oraclecloud.com/hcmUI/CandExpStatic/js/ce-custom.js?themeNumber=default_minimal_theme_CX_1&themeVersion=6&brandVersion=19:112
[    1954ms] [LOG] [FR PHONE VALIDATION] No relevant page detected. @ https://fa-exty-saasfaprod1.fa.ocs.oraclecloud.com/hcmUI/CandExpStatic/js/ce-custom.js?themeNumber=default_minimal_theme_CX_1&themeVersion=6&brandVersion=19:112
[    1973ms] [LOG] [FR PHONE VALIDATION] No relevant page detected. @ https://fa-exty-saasfaprod1.fa.ocs.oraclecloud.com/hcmUI/CandExpStatic/js/ce-custom.js?themeNumber=default_minimal_theme_CX_1&themeVersion=6&brandVersion=19:112
[    2071ms] [LOG] [FR PHONE VALIDATION] No relevant page detected. @ https://fa-exty-saasfaprod1.fa.ocs.oraclecloud.com/hcmUI/CandExpStatic/js/ce-custom.js?themeNumber=default_minimal_theme_CX_1&themeVersion=6&brandVersion=19:112
[    2085ms] [LOG] [FR PHONE VALIDATION] No relevant page detected. @ https://fa-exty-saasfaprod1.fa.ocs.oraclecloud.com/hcmUI/CandExpStatic/js/ce-custom.js?themeNumber=default_minimal_theme_CX_1&themeVersion=6&brandVersion=19:112
[    2339ms] [LOG] [FR PHONE VALIDATION] No relevant page detected. @ https://fa-exty-saasfaprod1.fa.ocs.oraclecloud.com/hcmUI/CandExpStatic/js/ce-custom.js?themeNumber=default_minimal_theme_CX_1&themeVersion=6&brandVersion=19:112
[    2414ms] [LOG] [FR PHONE VALIDATION] No relevant page detected. @ https://fa-exty-saasfaprod1.fa.ocs.oraclecloud.com/hcmUI/CandExpStatic/js/ce-custom.js?themeNumber=default_minimal_theme_CX_1&themeVersion=6&brandVersion=19:112
[    2456ms] [LOG] [FR PHONE VALIDATION] No relevant page detected. @ https://fa-exty-saasfaprod1.fa.ocs.oraclecloud.com/hcmUI/CandExpStatic/js/ce-custom.js?themeNumber=default_minimal_theme_CX_1&themeVersion=6&brandVersion=19:112
[    2529ms] [LOG] [FR PHONE VALIDATION] No relevant page detected. @ https://fa-exty-saasfaprod1.fa.ocs.oraclecloud.com/hcmUI/CandExpStatic/js/ce-custom.js?themeNumber=default_minimal_theme_CX_1&themeVersion=6&brandVersion=19:112
