[    1150ms] [LOG] JQMIGRATE: Migrate is installed with logging active, version 1.4.1 @ https://staticfe.bamboohr.com/fe-main/prod/js/rollbar.js/rollbar.min.js:0
[    1211ms] [WARNING] Datadog Browser SDK: SDK is loaded more than once. This is unsupported and might have unexpected behavior. @ https://staticfe.bamboohr.com/fe-main/prod/js/rollbar.js/rollbar.min.js:0
[    1272ms] [ERROR] Expected object, got undefined @ https://staticfe.bamboohr.com/fe-main/prod/js/rollbar.js/rollbar.min.js:0
[    1273ms] [ERROR] Expected object, got undefined @ https://staticfe.bamboohr.com/fe-main/prod/js/rollbar.js/rollbar.min.js:0
[    1273ms] [ERROR] Expected object, got undefined @ https://staticfe.bamboohr.com/fe-main/prod/js/rollbar.js/rollbar.min.js:0
[    1527ms] [WARNING] Datadog Browser SDK: SDK is loaded more than once. This is unsupported and might have unexpected behavior. @ https://staticfe.bamboohr.com/fe-main/prod/js/rollbar.js/rollbar.min.js:0
[    1580ms] [WARNING] Datadog Browser SDK: SDK is loaded more than once. This is unsupported and might have unexpected behavior. @ https://staticfe.bamboohr.com/fe-main/prod/js/rollbar.js/rollbar.min.js:0
[    1658ms] [WARNING] Datadog Browser SDK: SDK is loaded more than once. This is unsupported and might have unexpected behavior. @ https://staticfe.bamboohr.com/fe-main/prod/js/rollbar.js/rollbar.min.js:0
[    1675ms] [ERROR] Failed to load resource: the server responded with a status of 401 () @ https://fullbay.bamboohr.com/logging_handler/entry:0
[    1689ms] [ERROR] Failed to load resource: the server responded with a status of 401 () @ https://fullbay.bamboohr.com/logging_handler/entry:0
[    1690ms] [ERROR] Failed to load resource: the server responded with a status of 401 () @ https://fullbay.bamboohr.com/logging_handler/entry:0
[    1690ms] Uncaught (in promise) Error: Request failed with status code 401
    at e (https://staticfe.bamboohr.com/fe-main/prod/js/vendor.6b174a48.dist.js:1:1025464)
    at e (https://staticfe.bamboohr.com/fe-main/prod/js/vendor.6b174a48.dist.js:1:1028052)
    at e (https://staticfe.bamboohr.com/fe-main/prod/js/vendor.6b174a48.dist.js:1:1021441)
    at <anonymous> (https://staticfe.bamboohr.com/fe-main/prod/js/rollbar.js/rollbar.min.js:0:19520)
[    1760ms] Uncaught (in promise) Error: Request failed with status code 401
    at e (https://staticfe.bamboohr.com/fe-main/prod/js/vendor.6b174a48.dist.js:1:1025464)
    at e (https://staticfe.bamboohr.com/fe-main/prod/js/vendor.6b174a48.dist.js:1:1028052)
    at e (https://staticfe.bamboohr.com/fe-main/prod/js/vendor.6b174a48.dist.js:1:1021441)
    at <anonymous> (https://staticfe.bamboohr.com/fe-main/prod/js/rollbar.js/rollbar.min.js:0:19520)
[    1760ms] Uncaught (in promise) Error: Request failed with status code 401
    at e (https://staticfe.bamboohr.com/fe-main/prod/js/vendor.6b174a48.dist.js:1:1025464)
    at e (https://staticfe.bamboohr.com/fe-main/prod/js/vendor.6b174a48.dist.js:1:1028052)
    at e (https://staticfe.bamboohr.com/fe-main/prod/js/vendor.6b174a48.dist.js:1:1021441)
    at <anonymous> (https://staticfe.bamboohr.com/fe-main/prod/js/rollbar.js/rollbar.min.js:0:19520)
[    1826ms] [ERROR] Failed to load resource: the server responded with a status of 401 () @ https://fullbay.bamboohr.com/globals/sessionCompany:0
[    1826ms] Uncaught (in promise) Error: Request failed with status code 401
    at e (https://staticfe.bamboohr.com/fe-main/prod/js/vendor.6b174a48.dist.js:1:1025464)
    at e (https://staticfe.bamboohr.com/fe-main/prod/js/vendor.6b174a48.dist.js:1:1028052)
    at e (https://staticfe.bamboohr.com/fe-main/prod/js/vendor.6b174a48.dist.js:1:1021441)
    at <anonymous> (https://staticfe.bamboohr.com/fe-main/prod/js/rollbar.js/rollbar.min.js:0:19520)
[    2260ms] [WARNING] Datadog Browser SDK: SDK is loaded more than once. This is unsupported and might have unexpected behavior. @ https://staticfe.bamboohr.com/fe-main/prod/js/rollbar.js/rollbar.min.js:0
[    2403ms] [WARNING] Datadog Browser SDK: SDK is loaded more than once. This is unsupported and might have unexpected behavior. @ https://staticfe.bamboohr.com/fe-main/prod/js/rollbar.js/rollbar.min.js:0
