[    1570ms] [WARNING] The specified value "undefined" cannot be parsed, or is out of range. @ https://cdn.ashbyprd.com/frontend_non_user/472fa1d698ab5b6804c7a229156714e365b11fb6/assets/index-CzvIK5Ca.js:166
[    1629ms] [WARNING] The specified value "undefined" cannot be parsed, or is out of range. @ https://cdn.ashbyprd.com/frontend_non_user/472fa1d698ab5b6804c7a229156714e365b11fb6/assets/index-CzvIK5Ca.js:166
[    1638ms] [WARNING] The specified value "undefined" cannot be parsed, or is out of range. @ https://cdn.ashbyprd.com/frontend_non_user/472fa1d698ab5b6804c7a229156714e365b11fb6/assets/index-CzvIK5Ca.js:166
[    1764ms] [WARNING] The specified value "undefined" cannot be parsed, or is out of range. @ https://cdn.ashbyprd.com/frontend_non_user/472fa1d698ab5b6804c7a229156714e365b11fb6/assets/index-CzvIK5Ca.js:166
[    2026ms] [WARNING] The specified value "undefined" cannot be parsed, or is out of range. @ https://cdn.ashbyprd.com/frontend_non_user/472fa1d698ab5b6804c7a229156714e365b11fb6/assets/index-CzvIK5Ca.js:166
[    2544ms] [WARNING] The specified value "undefined" cannot be parsed, or is out of range. @ https://cdn.ashbyprd.com/frontend_non_user/472fa1d698ab5b6804c7a229156714e365b11fb6/assets/index-CzvIK5Ca.js:166
[    2546ms] [WARNING] The specified value "undefined" cannot be parsed, or is out of range. @ https://cdn.ashbyprd.com/frontend_non_user/472fa1d698ab5b6804c7a229156714e365b11fb6/assets/index-CzvIK5Ca.js:166
[    2672ms] [WARNING] The specified value "undefined" cannot be parsed, or is out of range. @ https://cdn.ashbyprd.com/frontend_non_user/472fa1d698ab5b6804c7a229156714e365b11fb6/assets/index-CzvIK5Ca.js:166
[    2674ms] [WARNING] The specified value "undefined" cannot be parsed, or is out of range. @ https://cdn.ashbyprd.com/frontend_non_user/472fa1d698ab5b6804c7a229156714e365b11fb6/assets/index-CzvIK5Ca.js:166
[    2676ms] [WARNING] The specified value "undefined" cannot be parsed, or is out of range. @ https://cdn.ashbyprd.com/frontend_non_user/472fa1d698ab5b6804c7a229156714e365b11fb6/assets/index-CzvIK5Ca.js:166
[    5667ms] [WARNING] The resource https://app.ashbyhq.com/api/images/org-theme-logo/f3f83b29-5885-4df8-b8af-80c4265d8a3d/9222580e-b5ef-4602-8d42-95fed7fbefff/cafd1fbf-541d-47c0-98e6-d7e6c11a3e72.png was preloaded using link preload but not used within a few seconds from the window's load event. Please make sure it has an appropriate `as` value and it is preloaded intentionally. @ https://jobs.ashbyhq.com/permitflow/78b1fccf-2ed9-4485-bd40-4a5aea3907d4/application?utm_source=Simplify:0
[    9419ms] [WARNING] The resource https://app.ashbyhq.com/api/images/org-theme-logo/f3f83b29-5885-4df8-b8af-80c4265d8a3d/9222580e-b5ef-4602-8d42-95fed7fbefff/cafd1fbf-541d-47c0-98e6-d7e6c11a3e72.png was preloaded using link preload but not used within a few seconds from the window's load event. Please make sure it has an appropriate `as` value and it is preloaded intentionally. @ https://jobs.ashbyhq.com/permitflow/78b1fccf-2ed9-4485-bd40-4a5aea3907d4?utm_source=Simplify:0
[   11416ms] [LOG] Download the Apollo DevTools for a better development experience: %s https://chrome.google.com/webstore/detail/apollo-client-developer-t/jdkknkkbebbapilgoeccciglkfbmbnfm @ https://cdn.ashbyprd.com/frontend_non_user/472fa1d698ab5b6804c7a229156714e365b11fb6/assets/index-CzvIK5Ca.js:30
[   14409ms] [WARNING] The resource https://app.ashbyhq.com/api/images/org-theme-logo/f3f83b29-5885-4df8-b8af-80c4265d8a3d/9222580e-b5ef-4602-8d42-95fed7fbefff/cafd1fbf-541d-47c0-98e6-d7e6c11a3e72.png was preloaded using link preload but not used within a few seconds from the window's load event. Please make sure it has an appropriate `as` value and it is preloaded intentionally. @ https://jobs.ashbyhq.com/permitflow/78b1fccf-2ed9-4485-bd40-4a5aea3907d4?utm_source=Simplify:0
[   17104ms] [WARNING] The specified value "undefined" cannot be parsed, or is out of range. @ https://cdn.ashbyprd.com/frontend_non_user/472fa1d698ab5b6804c7a229156714e365b11fb6/assets/index-CzvIK5Ca.js:90
[   17604ms] [WARNING] The specified value "undefined" cannot be parsed, or is out of range. @ https://cdn.ashbyprd.com/frontend_non_user/472fa1d698ab5b6804c7a229156714e365b11fb6/assets/index-CzvIK5Ca.js:90
[   18120ms] [WARNING] The specified value "undefined" cannot be parsed, or is out of range. @ https://cdn.ashbyprd.com/frontend_non_user/472fa1d698ab5b6804c7a229156714e365b11fb6/assets/index-CzvIK5Ca.js:90
[   18123ms] [WARNING] The specified value "undefined" cannot be parsed, or is out of range. @ https://cdn.ashbyprd.com/frontend_non_user/472fa1d698ab5b6804c7a229156714e365b11fb6/assets/index-CzvIK5Ca.js:90
[   18247ms] [WARNING] The specified value "undefined" cannot be parsed, or is out of range. @ https://cdn.ashbyprd.com/frontend_non_user/472fa1d698ab5b6804c7a229156714e365b11fb6/assets/index-CzvIK5Ca.js:90
[   18249ms] [WARNING] The specified value "undefined" cannot be parsed, or is out of range. @ https://cdn.ashbyprd.com/frontend_non_user/472fa1d698ab5b6804c7a229156714e365b11fb6/assets/index-CzvIK5Ca.js:90
[   21397ms] [WARNING] The resource https://app.ashbyhq.com/api/images/org-theme-logo/f3f83b29-5885-4df8-b8af-80c4265d8a3d/9222580e-b5ef-4602-8d42-95fed7fbefff/cafd1fbf-541d-47c0-98e6-d7e6c11a3e72.png was preloaded using link preload but not used within a few seconds from the window's load event. Please make sure it has an appropriate `as` value and it is preloaded intentionally. @ https://jobs.ashbyhq.com/permitflow/78b1fccf-2ed9-4485-bd40-4a5aea3907d4/application?utm_source=Simplify:0
[   25215ms] [WARNING] The resource https://app.ashbyhq.com/api/images/org-theme-logo/f3f83b29-5885-4df8-b8af-80c4265d8a3d/9222580e-b5ef-4602-8d42-95fed7fbefff/cafd1fbf-541d-47c0-98e6-d7e6c11a3e72.png was preloaded using link preload but not used within a few seconds from the window's load event. Please make sure it has an appropriate `as` value and it is preloaded intentionally. @ https://jobs.ashbyhq.com/permitflow/78b1fccf-2ed9-4485-bd40-4a5aea3907d4/application?utm_source=Simplify:0
[   51370ms] [WARNING] The resource https://app.ashbyhq.com/api/images/org-theme-logo/f3f83b29-5885-4df8-b8af-80c4265d8a3d/9222580e-b5ef-4602-8d42-95fed7fbefff/cafd1fbf-541d-47c0-98e6-d7e6c11a3e72.png was preloaded using link preload but not used within a few seconds from the window's load event. Please make sure it has an appropriate `as` value and it is preloaded intentionally. @ https://jobs.ashbyhq.com/permitflow/78b1fccf-2ed9-4485-bd40-4a5aea3907d4/application?utm_source=Simplify:0
[   73486ms] [WARNING] The resource https://app.ashbyhq.com/api/images/org-theme-logo/f3f83b29-5885-4df8-b8af-80c4265d8a3d/9222580e-b5ef-4602-8d42-95fed7fbefff/cafd1fbf-541d-47c0-98e6-d7e6c11a3e72.png was preloaded using link preload but not used within a few seconds from the window's load event. Please make sure it has an appropriate `as` value and it is preloaded intentionally. @ https://jobs.ashbyhq.com/permitflow/78b1fccf-2ed9-4485-bd40-4a5aea3907d4/application?utm_source=Simplify:0
