[    1267ms] ReferenceError: e is not defined
    at c (<anonymous>:1:184)
    at <anonymous>:3:122
    at <anonymous>:3:144
    at https://www.googletagmanager.com/gtm.js?id=GTM-5V25JL6:993:429
    at qS (https://www.googletagmanager.com/gtm.js?id=GTM-5V25JL6:995:31)
    at Od.pS (https://www.googletagmanager.com/gtm.js?id=GTM-5V25JL6:992:92)
    at Od.<anonymous> (https://www.googletagmanager.com/gtm.js?id=GTM-5V25JL6:396:187)
    at k.apply (https://www.googletagmanager.com/gtm.js?id=GTM-5V25JL6:318:466)
    at hb (https://www.googletagmanager.com/gtm.js?id=GTM-5V25JL6:280:719)
    at gb (https://www.googletagmanager.com/gtm.js?id=GTM-5V25JL6:280:470)
    at Od.<anonymous> (https://www.googletagmanager.com/gtm.js?id=GTM-5V25JL6:342:473)
    at k.apply (https://www.googletagmanager.com/gtm.js?id=GTM-5V25JL6:318:466)
    at hb (https://www.googletagmanager.com/gtm.js?id=GTM-5V25JL6:280:719)
    at k.Lq (https://www.googletagmanager.com/gtm.js?id=GTM-5V25JL6:280:1286)
    at uf (https://www.googletagmanager.com/gtm.js?id=GTM-5V25JL6:353:960)
    at https://www.googletagmanager.com/gtm.js?id=GTM-5V25JL6:806:315
    at Kz (https://www.googletagmanager.com/gtm.js?id=GTM-5V25JL6:709:1)
    at Pz.evaluate (https://www.googletagmanager.com/gtm.js?id=GTM-5V25JL6:713:722)
    at e (https://www.googletagmanager.com/gtm.js?id=GTM-5V25JL6:733:170)
    at https://www.googletagmanager.com/gtm.js?id=GTM-5V25JL6:285:125
    at Array.<anonymous> (https://www.googletagmanager.com/gtm.js?id=GTM-5V25JL6:734:360)
    at Object.execute (https://www.googletagmanager.com/gtm.js?id=GTM-5V25JL6:734:100)
    at mB (https://www.googletagmanager.com/gtm.js?id=GTM-5V25JL6:734:742)
    at pB (https://www.googletagmanager.com/gtm.js?id=GTM-5V25JL6:738:183)
    at BD (https://www.googletagmanager.com/gtm.js?id=GTM-5V25JL6:783:252)
    at CD (https://www.googletagmanager.com/gtm.js?id=GTM-5V25JL6:784:196)
    at GD (https://www.googletagmanager.com/gtm.js?id=GTM-5V25JL6:789:131)
    at n (https://unity.com/_next/static/chunks/0kz1o4_30c-me.js:6:4821)
[    5869ms] [WARNING] The resource https://unity.com/_next/static/chunks/06s~cnr49ctbs.css was preloaded using link preload but not used within a few seconds from the window's load event. Please make sure it has an appropriate `as` value and it is preloaded intentionally. @ https://unity.com/careers:0
[    5869ms] [WARNING] The resource https://unity.com/_next/static/chunks/0z69mr0e8pr5a.js was preloaded using link preload but not used within a few seconds from the window's load event. Please make sure it has an appropriate `as` value and it is preloaded intentionally. @ https://unity.com/careers:0
[    5869ms] [WARNING] The resource https://unity.com/_next/static/chunks/0dw-tten15yad.js was preloaded using link preload but not used within a few seconds from the window's load event. Please make sure it has an appropriate `as` value and it is preloaded intentionally. @ https://unity.com/careers:0
[    5870ms] [WARNING] The resource https://unity.com/_next/static/chunks/0pj3tuhghlwbs.js was preloaded using link preload but not used within a few seconds from the window's load event. Please make sure it has an appropriate `as` value and it is preloaded intentionally. @ https://unity.com/careers:0
[    5870ms] [WARNING] The resource https://unity.com/_next/static/chunks/0ft4gmhzbt7dy.js was preloaded using link preload but not used within a few seconds from the window's load event. Please make sure it has an appropriate `as` value and it is preloaded intentionally. @ https://unity.com/careers:0
[    5870ms] [WARNING] The resource https://unity.com/_next/static/chunks/0p9btk3~4lb72.js was preloaded using link preload but not used within a few seconds from the window's load event. Please make sure it has an appropriate `as` value and it is preloaded intentionally. @ https://unity.com/careers:0
[    5870ms] [WARNING] The resource https://unity.com/_next/static/chunks/0rjn559bogs8q.js was preloaded using link preload but not used within a few seconds from the window's load event. Please make sure it has an appropriate `as` value and it is preloaded intentionally. @ https://unity.com/careers:0
