[     441ms] Unexpected end of input
[    1066ms] TypeError: Cannot read properties of null (reading 'querySelector')
    at HTMLDocument.<anonymous> (https://careers.viasat.com/jobs/6087?mode=apply&iis=Job+Board&iisn=HANDSHAKE:1001:31)
[    1474ms] [LOG] Checking for Ad Cloud =  true @ :4
[    1475ms] [LOG] Initializing Ad Cloud @ :23
[    1862ms] [LOG] fromSCroll events ->  ,C0001,BG43,C0003,C0002,SPD_BG,C0004, @ :1
[    2212ms] [LOG] gdpr module loaded {apply_consent: undefined, pixel_consent: undefined} {enabled: true, pixel_consent: Object, apply_consent: Object, ttl: 2592000000} @ https://careers.viasat.com/dist/js/gdpr/gdpr.js?v=5.2.2:110
[    2370ms] [ERROR] Failed to load resource: net::ERR_NAME_NOT_RESOLVED @ https://sync.search.spotxchange.com/partner?adv_id=6409&uid=aeh6AAAAABppRQNx&img=1:0
[    4538ms] [ERROR] Connecting to 'wss://ws.paradox.ai/' violates the following Content Security Policy directive: "default-src https: 'unsafe-inline' 'unsafe-eval' data: blob: mediastream:". Note that 'connect-src' was not explicitly set, so 'default-src' is used as a fallback. The action has been blocked. @ https://dokumfe7mps0i.cloudfront.net/static/widget/js/vendors.async.758ac44a.7df8996.js:6
[    5559ms] [ERROR] Connecting to 'wss://ws.paradox.ai/' violates the following Content Security Policy directive: "default-src https: 'unsafe-inline' 'unsafe-eval' data: blob: mediastream:". Note that 'connect-src' was not explicitly set, so 'default-src' is used as a fallback. The action has been blocked. @ https://dokumfe7mps0i.cloudfront.net/static/widget/js/vendors.async.758ac44a.7df8996.js:6
[    6319ms] [LOG] DEBUG - (ATS-ENVELOPE-MODULE) ats-set-additional-data event set up. @ https://ats-wrapper.privacymanager.io/ats-modules/8a6ccce0-ada8-49ba-8b13-1eae01f9e014/ats.js:2
[    6330ms] [INFO] INFO - (ATS-ENVELOPE-MODULE) (Geo location) consent check not passed @ https://ats-wrapper.privacymanager.io/ats-modules/8a6ccce0-ada8-49ba-8b13-1eae01f9e014/ats.js:2
[    6330ms] [INFO] INFO - (ATS-ENVELOPE-MODULE) (Geo location) persisted cached location data @ https://ats-wrapper.privacymanager.io/ats-modules/8a6ccce0-ada8-49ba-8b13-1eae01f9e014/ats.js:2
[    6330ms] [LOG] DEBUG - (ATS-ENVELOPE-MODULE) Consent is given, module will start! @ https://ats-wrapper.privacymanager.io/ats-modules/8a6ccce0-ada8-49ba-8b13-1eae01f9e014/ats.js:2
[    6330ms] [INFO] INFO - (ATS-ENVELOPE-MODULE) (Geo location) persisted cached location data @ https://ats-wrapper.privacymanager.io/ats-modules/8a6ccce0-ada8-49ba-8b13-1eae01f9e014/ats.js:2
[    6331ms] [LOG] DEBUG - (ATS-ENVELOPE-MODULE) LIVERAMP envelope not found in storage! New envelope will be acquired. @ https://ats-wrapper.privacymanager.io/ats-modules/8a6ccce0-ada8-49ba-8b13-1eae01f9e014/ats.js:2
[    6331ms] [INFO] INFO - (ATS-ENVELOPE-MODULE) Catching identifier configured. @ https://ats-wrapper.privacymanager.io/ats-modules/8a6ccce0-ada8-49ba-8b13-1eae01f9e014/ats.js:2
[    6331ms] [INFO] INFO - (ATS-ENVELOPE-MODULE) Envelope-module is configured. @ https://ats-wrapper.privacymanager.io/ats-modules/8a6ccce0-ada8-49ba-8b13-1eae01f9e014/ats.js:2
[    6564ms] [LOG] DEBUG - (ATS-ENVELOPE-MODULE) There is no liveramp envelope in storage. @ https://ats-wrapper.privacymanager.io/ats-modules/8a6ccce0-ada8-49ba-8b13-1eae01f9e014/ats.js:2
[    6564ms] [ERROR] Connecting to 'wss://ws.paradox.ai/' violates the following Content Security Policy directive: "default-src https: 'unsafe-inline' 'unsafe-eval' data: blob: mediastream:". Note that 'connect-src' was not explicitly set, so 'default-src' is used as a fallback. The action has been blocked. @ https://dokumfe7mps0i.cloudfront.net/static/widget/js/vendors.async.758ac44a.7df8996.js:6
[    6674ms] [INFO] INFO - (ATS-DETECTION-MODULE) (Geo location) persisted cached location data @ https://ats-wrapper.privacymanager.io/ats-modules/8a6ccce0-ada8-49ba-8b13-1eae01f9e014/ats.js:0
[    6674ms] [LOG] DEBUG - (ATS-DETECTION-MODULE) Consent is given, module will start! @ https://ats-wrapper.privacymanager.io/ats-modules/8a6ccce0-ada8-49ba-8b13-1eae01f9e014/ats.js:0
[    6675ms] [INFO] INFO - (ATS-DETECTION-MODULE) (Geo location) persisted cached location data @ https://ats-wrapper.privacymanager.io/ats-modules/8a6ccce0-ada8-49ba-8b13-1eae01f9e014/ats.js:0
[    6877ms] [INFO] INFO - (ATS-DETECTION-MODULE) Detection started! Library is configured to detect:  [email] @ https://ats-wrapper.privacymanager.io/ats-modules/8a6ccce0-ada8-49ba-8b13-1eae01f9e014/ats.js:0
[    6877ms] [INFO] INFO - (ATS-DETECTION-MODULE) Detection event type is  onsubmit @ https://ats-wrapper.privacymanager.io/ats-modules/8a6ccce0-ada8-49ba-8b13-1eae01f9e014/ats.js:0
