[     658ms] [LOG] JQMIGRATE: Migrate is installed with logging active, version 1.4.1 @ https://staticfe.bamboohr.com/fe-main/prod/js/head.2a49ab08.dist.js:1
[     783ms] [WARNING] Datadog Browser SDK: SDK is loaded more than once. This is unsupported and might have unexpected behavior. @ https://staticfe.bamboohr.com/fe-main/prod/js/fabric.cd5e9f49.dist.js:98
[     885ms] [ERROR] Expected object, got undefined @ https://staticfe.bamboohr.com/fe-main/prod/js/vendor.6b174a48.dist.js:1
[     887ms] [ERROR] Expected object, got undefined @ https://staticfe.bamboohr.com/fe-main/prod/js/vendor.6b174a48.dist.js:1
[     888ms] [ERROR] Expected object, got undefined @ https://staticfe.bamboohr.com/fe-main/prod/js/vendor.6b174a48.dist.js:1
[    1415ms] [WARNING] Datadog Browser SDK: SDK is loaded more than once. This is unsupported and might have unexpected behavior. @ https://staticfe.bamboohr.com/fe-main/prod/js/vendor.6b174a48.dist.js:1
[    1548ms] [WARNING] Datadog Browser SDK: SDK is loaded more than once. This is unsupported and might have unexpected behavior. @ https://staticfe.bamboohr.com/fe-main/prod/js/vendor.6b174a48.dist.js:1
[    1673ms] [WARNING] Datadog Browser SDK: SDK is loaded more than once. This is unsupported and might have unexpected behavior. @ https://staticfe.bamboohr.com/fe-main/prod/js/vendor.6b174a48.dist.js:1
[    1709ms] [ERROR] Failed to load resource: the server responded with a status of 401 () @ https://fullbay.bamboohr.com/logging_handler/entry:0
[    1735ms] [ERROR] Failed to load resource: the server responded with a status of 401 () @ https://fullbay.bamboohr.com/logging_handler/entry:0
[    1735ms] [ERROR] Failed to load resource: the server responded with a status of 401 () @ https://fullbay.bamboohr.com/logging_handler/entry:0
[    1809ms] Uncaught (in promise) Error: Request failed with status code 401
    at e (https://staticfe.bamboohr.com/fe-main/prod/js/vendor.6b174a48.dist.js:1:1025464)
    at e (https://staticfe.bamboohr.com/fe-main/prod/js/vendor.6b174a48.dist.js:1:1028052)
    at e (https://staticfe.bamboohr.com/fe-main/prod/js/vendor.6b174a48.dist.js:1:1021441)
[    1813ms] Uncaught (in promise) Error: Request failed with status code 401
    at e (https://staticfe.bamboohr.com/fe-main/prod/js/vendor.6b174a48.dist.js:1:1025464)
    at e (https://staticfe.bamboohr.com/fe-main/prod/js/vendor.6b174a48.dist.js:1:1028052)
    at e (https://staticfe.bamboohr.com/fe-main/prod/js/vendor.6b174a48.dist.js:1:1021441)
[    1813ms] Uncaught (in promise) Error: Request failed with status code 401
    at e (https://staticfe.bamboohr.com/fe-main/prod/js/vendor.6b174a48.dist.js:1:1025464)
    at e (https://staticfe.bamboohr.com/fe-main/prod/js/vendor.6b174a48.dist.js:1:1028052)
    at e (https://staticfe.bamboohr.com/fe-main/prod/js/vendor.6b174a48.dist.js:1:1021441)
[    2043ms] [ERROR] Failed to load resource: the server responded with a status of 401 () @ https://fullbay.bamboohr.com/globals/sessionCompany:0
[    2043ms] Uncaught (in promise) Error: Request failed with status code 401
    at e (https://staticfe.bamboohr.com/fe-main/prod/js/vendor.6b174a48.dist.js:1:1025464)
    at e (https://staticfe.bamboohr.com/fe-main/prod/js/vendor.6b174a48.dist.js:1:1028052)
    at e (https://staticfe.bamboohr.com/fe-main/prod/js/vendor.6b174a48.dist.js:1:1021441)
[    2276ms] [WARNING] Datadog Browser SDK: SDK is loaded more than once. This is unsupported and might have unexpected behavior. @ https://staticfe.bamboohr.com/fe-main/prod/js/rollbar.js/rollbar.min.js:0
[    2490ms] [WARNING] Datadog Browser SDK: SDK is loaded more than once. This is unsupported and might have unexpected behavior. @ https://staticfe.bamboohr.com/fe-main/prod/js/rollbar.js/rollbar.min.js:0
