[     639ms] [ERROR] Connecting to 'wss://www.apple.com:58070/' violates the following Content Security Policy directive: "default-src 'self' blob: data: *.akamaized.net *.apple.com *.apple-mapkit.com *.cdn-apple.com *.organicfruitapps.com". Note that 'connect-src' was not explicitly set, so 'default-src' is used as a fallback. The action has been blocked. @ https://www.apple.com/careers/js/common/clientlibs/source/promos/promo-tile-cm.js:219
[     670ms] [LOG] HeroPanelTile::initializeAnimation @ https://www.apple.com/careers/js/common/clientlibs/source/promos/HeroPanelTile.js:9223
[     843ms] [WARNING] Poster image not found for viewport: medium @ https://www.apple.com/careers/js/common/clientlibs/source/fy24/HeroPanelCroppedVideoV2.js:147
[     969ms] [LOG] %cCoreBundle lib prefersReducedMotion attached color:blue @ https://www.apple.com/careers/js/common/clientlibs/source/redesign/libs.js:1
[     971ms] [LOG] %cCoreBundle lib textZoom attached color:blue @ https://www.apple.com/careers/js/common/clientlibs/source/redesign/libs.js:1
[     972ms] [LOG] %cCoreBundle lib viewportEmitter attached color:blue @ https://www.apple.com/careers/js/common/clientlibs/source/redesign/libs.js:1
[     973ms] [LOG] %cCoreBundle lib anim attached color:blue @ https://www.apple.com/careers/js/common/clientlibs/source/redesign/libs.js:1
[     974ms] [LOG] %cCoreBundle lib modal attached color:blue @ https://www.apple.com/careers/js/common/clientlibs/source/redesign/libs.js:1
[     984ms] [LOG] %cCoreBundle lib acVideo attached color:blue @ https://www.apple.com/careers/js/common/clientlibs/source/redesign/libs.js:1
[     984ms] [LOG] %cCoreBundle lib mixinGallery attached color:blue @ https://www.apple.com/careers/js/common/clientlibs/source/redesign/libs.js:1
[     985ms] [WARNING] "setAttributes" is deprecated, please use "setAttributeForElements" instead. @ https://www.apple.com/careers/js/common/clientlibs/source/redesign/libs.js:1218
[     986ms] [LOG] %cCoreBundle lib accordion attached color:blue @ https://www.apple.com/careers/js/common/clientlibs/source/redesign/libs.js:1
[     986ms] [LOG] %cCoreBundle lib playPause attached color:blue @ https://www.apple.com/careers/js/common/clientlibs/source/redesign/libs.js:1
[     986ms] [LOG] %cCoreBundle lib focusManager attached color:blue @ https://www.apple.com/careers/js/common/clientlibs/source/redesign/libs.js:1
[     986ms] [LOG] %cCoreBundle lib trackVScroll attached color:blue @ https://www.apple.com/careers/js/common/clientlibs/source/redesign/libs.js:1
[     986ms] [LOG] %cCoreBundle lib trackClick attached color:blue @ https://www.apple.com/careers/js/common/clientlibs/source/redesign/libs.js:1
[     986ms] [LOG] %cCoreBundle lib trackEventOnce attached color:blue @ https://www.apple.com/careers/js/common/clientlibs/source/redesign/libs.js:1
[     986ms] [WARNING] AnalyticsStandalone:Error: AnalyticsStandalone: `configEl` not supplied @ https://www.apple.com/careers/js/common/clientlibs/source/redesign/libs.js:1264
[    1016ms] [LOG] [External] @ https://www.apple.com/careers/js/common/clientlibs/source/analytics/analytics.js:54
[    1017ms] [LOG] /careers/us/ @ https://www.apple.com/careers/js/common/clientlibs/source/analytics/analytics.js:55
[    1017ms] [LOG] index @ https://www.apple.com/careers/js/common/clientlibs/source/analytics/analytics.js:56
[    1017ms] [LOG] analytics firing @ https://www.apple.com/careers/js/common/clientlibs/source/analytics/analytics.js:57
[    1053ms] [LOG] Video /careers/global/media/hero/fy21/ehsan-hardware-autoplay-2021_1280x720.mp4 starts playing @ https://www.apple.com/careers/js/common/clientlibs/source/analytics/analytics.js:41
[    1057ms] [LOG] Video /careers/global/media/hero/fy22/sujin_video_large_16x9.mp4 starts playing @ https://www.apple.com/careers/js/common/clientlibs/source/analytics/analytics.js:41
[    1224ms] [LOG] Video /careers/global/media/acvideo/2021/index/Apple_Loop_V01_500x500_H.264.mp4 starts playing @ https://www.apple.com/careers/js/common/clientlibs/source/analytics/analytics.js:41
