[     193ms] [ERROR] Access to resource at 'https://community.workday.com/maintenance-page' (redirected from 'https://workday.wd5.myworkdayjobs.com/en-US/Workday/job/USAVAReston/undefined') from origin 'https://workday.wd5.myworkdayjobs.com' has been blocked by CORS policy: No 'Access-Control-Allow-Origin' header is present on the requested resource. @ https://workday.wd5.myworkdayjobs.com/en-US/Workday/job/USAVAReston/Software-Development-Engineer---ML-Ops--US-Federal-_JR-0105395:0
[     193ms] [ERROR] Failed to load resource: net::ERR_FAILED @ https://community.workday.com/maintenance-page:0
[     810ms] [INFO] Media player loading... @ https://wd5.myworkdaycdn.com/wday/asset/candidate-experience-jobs/cx-jobs.min.js:243
[     811ms] [INFO] Media player loading... @ https://wd5.myworkdaycdn.com/wday/asset/candidate-experience-jobs/cx-jobs.min.js:243
[     811ms] [INFO] Media player loading... @ https://wd5.myworkdaycdn.com/wday/asset/candidate-experience-jobs/cx-jobs.min.js:243
[     940ms] [INFO] Media player loading... @ https://wd5.myworkdaycdn.com/wday/asset/candidate-experience-jobs/cx-jobs.min.js:243
[     940ms] [INFO] Media player loading... @ https://wd5.myworkdaycdn.com/wday/asset/candidate-experience-jobs/cx-jobs.min.js:243
[     940ms] [INFO] Media player loading... @ https://wd5.myworkdaycdn.com/wday/asset/candidate-experience-jobs/cx-jobs.min.js:243
[    1133ms] [INFO] Media player initializing... @ https://wd5.myworkdaycdn.com/wday/asset/candidate-experience-jobs/cx-jobs.min.js:243
[    1134ms] [INFO] Media player initializing... @ https://wd5.myworkdaycdn.com/wday/asset/candidate-experience-jobs/cx-jobs.min.js:243
[    1135ms] [INFO] Media player initializing... @ https://wd5.myworkdaycdn.com/wday/asset/candidate-experience-jobs/cx-jobs.min.js:243
[    1135ms] [INFO] Media player initializing... @ https://wd5.myworkdaycdn.com/wday/asset/candidate-experience-jobs/cx-jobs.min.js:243
[    1135ms] [INFO] Media player initializing... @ https://wd5.myworkdaycdn.com/wday/asset/candidate-experience-jobs/cx-jobs.min.js:243
[    1135ms] [INFO] Media player initializing... @ https://wd5.myworkdaycdn.com/wday/asset/candidate-experience-jobs/cx-jobs.min.js:243
[    1202ms] [INFO] Media player initialized... @ https://wd5.myworkdaycdn.com/wday/asset/candidate-experience-jobs/cx-jobs.min.js:243
[    1203ms] [INFO] Media player initialized... @ https://wd5.myworkdaycdn.com/wday/asset/candidate-experience-jobs/cx-jobs.min.js:243
[    1203ms] [INFO] Media player initialized... @ https://wd5.myworkdaycdn.com/wday/asset/candidate-experience-jobs/cx-jobs.min.js:243
[    1203ms] [ERROR] TypeError: Cannot read properties of null (reading 'appendChild')
    at new MuseApi (https://wd5.myworkday.com/wday/backpack-hub/muse-web-client/2026.19.143/bc25a7d209cebf244592.muse-api-standalone.js:1:53366)
    at https://wd5.myworkdaycdn.com/wday/backpack-hub/muse/wday/js/muse-viewer-standalone.js:2:368172 @ https://wd5.myworkdaycdn.com/wday/asset/candidate-experience-jobs/cx-jobs.min.js:243
[    1203ms] [ERROR] TypeError: Cannot read properties of null (reading 'appendChild')
    at new MuseApi (https://wd5.myworkday.com/wday/backpack-hub/muse-web-client/2026.19.143/bc25a7d209cebf244592.muse-api-standalone.js:1:53366)
    at https://wd5.myworkdaycdn.com/wday/backpack-hub/muse/wday/js/muse-viewer-standalone.js:2:368172 @ https://wd5.myworkdaycdn.com/wday/asset/candidate-experience-jobs/cx-jobs.min.js:243
[    1203ms] [ERROR] TypeError: Cannot read properties of null (reading 'appendChild')
    at new MuseApi (https://wd5.myworkday.com/wday/backpack-hub/muse-web-client/2026.19.143/bc25a7d209cebf244592.muse-api-standalone.js:1:53366)
    at https://wd5.myworkdaycdn.com/wday/backpack-hub/muse/wday/js/muse-viewer-standalone.js:2:368172 @ https://wd5.myworkdaycdn.com/wday/asset/candidate-experience-jobs/cx-jobs.min.js:243
[    1325ms] [INFO] Media player ready @ https://wd5.myworkdaycdn.com/wday/asset/candidate-experience-jobs/cx-jobs.min.js:243
[    1325ms] [INFO] Media player ready @ https://wd5.myworkdaycdn.com/wday/asset/candidate-experience-jobs/cx-jobs.min.js:243
[    1325ms] [INFO] Media player ready @ https://wd5.myworkdaycdn.com/wday/asset/candidate-experience-jobs/cx-jobs.min.js:243
[    1328ms] [INFO] Media player ready @ https://wd5.myworkdaycdn.com/wday/asset/candidate-experience-jobs/cx-jobs.min.js:243
[    1329ms] [INFO] Media player ready @ https://wd5.myworkdaycdn.com/wday/asset/candidate-experience-jobs/cx-jobs.min.js:243
[    1329ms] [INFO] Media player ready @ https://wd5.myworkdaycdn.com/wday/asset/candidate-experience-jobs/cx-jobs.min.js:243
[    1331ms] [INFO] Media player ready @ https://wd5.myworkdaycdn.com/wday/asset/candidate-experience-jobs/cx-jobs.min.js:243
[    1331ms] [INFO] Media player ready @ https://wd5.myworkdaycdn.com/wday/asset/candidate-experience-jobs/cx-jobs.min.js:243
[    1331ms] [INFO] Media player ready @ https://wd5.myworkdaycdn.com/wday/asset/candidate-experience-jobs/cx-jobs.min.js:243
