[     484ms] [ERROR] Error: Minified React error #418; visit https://reactjs.org/docs/error-decoder.html?invariant=418 for the full message or use the non-minified dev environment for full errors and additional helpful warnings.
    at o1 (https://job-boards.cdn.greenhouse.io/assets/vendor-CSu851Dq.js:38:4812)
    at d9 (https://job-boards.cdn.greenhouse.io/assets/vendor-CSu851Dq.js:40:45634)
    at s9 (https://job-boards.cdn.greenhouse.io/assets/vendor-CSu851Dq.js:40:39790)
    at W8 (https://job-boards.cdn.greenhouse.io/assets/vendor-CSu851Dq.js:40:39762)
    at i9 (https://job-boards.cdn.greenhouse.io/assets/vendor-CSu851Dq.js:40:34745)
    at S (https://job-boards.cdn.greenhouse.io/assets/vendor-CSu851Dq.js:25:1550)
    at MessagePort.M (https://job-boards.cdn.greenhouse.io/assets/vendor-CSu851Dq.js:25:1910) @ https://job-boards.cdn.greenhouse.io/assets/vendor-CSu851Dq.js:243
[     517ms] [WARNING] React recovered from an error during hydration. Error: Minified React error #425; visit https://reactjs.org/docs/error-decoder.html?invariant=425 for the full message or use the non-minified dev environment for full errors and additional helpful warnings.
    at Js (https://job-boards.cdn.greenhouse.io/assets/vendor-CSu851Dq.js:38:68)
    at A8 (https://job-boards.cdn.greenhouse.io/assets/vendor-CSu851Dq.js:40:16079)
    at u9 (https://job-boards.cdn.greenhouse.io/assets/vendor-CSu851Dq.js:40:40098)
    at s9 (https://job-boards.cdn.greenhouse.io/assets/vendor-CSu851Dq.js:40:39851)
    at W8 (https://job-boards.cdn.greenhouse.io/assets/vendor-CSu851Dq.js:40:39762)
    at i9 (https://job-boards.cdn.greenhouse.io/assets/vendor-CSu851Dq.js:40:34745)
    at S (https://job-boards.cdn.greenhouse.io/assets/vendor-CSu851Dq.js:25:1550)
    at MessagePort.M (https://job-boards.cdn.greenhouse.io/assets/vendor-CSu851Dq.js:25:1910) @ https://job-boards.cdn.greenhouse.io/assets/vendor-CSu851Dq.js:243
[     518ms] [WARNING] React recovered from an error during hydration. Error: Minified React error #418; visit https://reactjs.org/docs/error-decoder.html?invariant=418 for the full message or use the non-minified dev environment for full errors and additional helpful warnings.
    at o1 (https://job-boards.cdn.greenhouse.io/assets/vendor-CSu851Dq.js:38:4812)
    at d9 (https://job-boards.cdn.greenhouse.io/assets/vendor-CSu851Dq.js:40:45634)
    at s9 (https://job-boards.cdn.greenhouse.io/assets/vendor-CSu851Dq.js:40:39790)
    at W8 (https://job-boards.cdn.greenhouse.io/assets/vendor-CSu851Dq.js:40:39762)
    at i9 (https://job-boards.cdn.greenhouse.io/assets/vendor-CSu851Dq.js:40:34745)
    at S (https://job-boards.cdn.greenhouse.io/assets/vendor-CSu851Dq.js:25:1550)
    at MessagePort.M (https://job-boards.cdn.greenhouse.io/assets/vendor-CSu851Dq.js:25:1910) @ https://job-boards.cdn.greenhouse.io/assets/vendor-CSu851Dq.js:243
[     518ms] [WARNING] React recovered from an error during hydration. Error: Minified React error #418; visit https://reactjs.org/docs/error-decoder.html?invariant=418 for the full message or use the non-minified dev environment for full errors and additional helpful warnings.
    at o1 (https://job-boards.cdn.greenhouse.io/assets/vendor-CSu851Dq.js:38:4812)
    at d9 (https://job-boards.cdn.greenhouse.io/assets/vendor-CSu851Dq.js:40:45634)
    at s9 (https://job-boards.cdn.greenhouse.io/assets/vendor-CSu851Dq.js:40:39790)
    at W8 (https://job-boards.cdn.greenhouse.io/assets/vendor-CSu851Dq.js:40:39762)
    at i9 (https://job-boards.cdn.greenhouse.io/assets/vendor-CSu851Dq.js:40:34745)
    at S (https://job-boards.cdn.greenhouse.io/assets/vendor-CSu851Dq.js:25:1550)
    at MessagePort.M (https://job-boards.cdn.greenhouse.io/assets/vendor-CSu851Dq.js:25:1910) @ https://job-boards.cdn.greenhouse.io/assets/vendor-CSu851Dq.js:243
[     518ms] [WARNING] React recovered from an error during hydration. Error: Minified React error #418; visit https://reactjs.org/docs/error-decoder.html?invariant=418 for the full message or use the non-minified dev environment for full errors and additional helpful warnings.
    at o1 (https://job-boards.cdn.greenhouse.io/assets/vendor-CSu851Dq.js:38:4812)
    at d9 (https://job-boards.cdn.greenhouse.io/assets/vendor-CSu851Dq.js:40:45634)
    at s9 (https://job-boards.cdn.greenhouse.io/assets/vendor-CSu851Dq.js:40:39790)
    at W8 (https://job-boards.cdn.greenhouse.io/assets/vendor-CSu851Dq.js:40:39762)
    at i9 (https://job-boards.cdn.greenhouse.io/assets/vendor-CSu851Dq.js:40:34745)
    at S (https://job-boards.cdn.greenhouse.io/assets/vendor-CSu851Dq.js:25:1550)
    at MessagePort.M (https://job-boards.cdn.greenhouse.io/assets/vendor-CSu851Dq.js:25:1910) @ https://job-boards.cdn.greenhouse.io/assets/vendor-CSu851Dq.js:243
[     518ms] [WARNING] React recovered from an error during hydration. Error: Minified React error #423; visit https://reactjs.org/docs/error-decoder.html?invariant=423 for the full message or use the non-minified dev environment for full errors and additional helpful warnings.
    at d9 (https://job-boards.cdn.greenhouse.io/assets/vendor-CSu851Dq.js:40:45291)
    at s9 (https://job-boards.cdn.greenhouse.io/assets/vendor-CSu851Dq.js:40:39790)
    at z8 (https://job-boards.cdn.greenhouse.io/assets/vendor-CSu851Dq.js:40:39718)
    at ll (https://job-boards.cdn.greenhouse.io/assets/vendor-CSu851Dq.js:40:39570)
    at S1 (https://job-boards.cdn.greenhouse.io/assets/vendor-CSu851Dq.js:40:35934)
    at i9 (https://job-boards.cdn.greenhouse.io/assets/vendor-CSu851Dq.js:40:34883)
    at S (https://job-boards.cdn.greenhouse.io/assets/vendor-CSu851Dq.js:25:1550)
    at MessagePort.M (https://job-boards.cdn.greenhouse.io/assets/vendor-CSu851Dq.js:25:1910) @ https://job-boards.cdn.greenhouse.io/assets/vendor-CSu851Dq.js:243
[     519ms] [WARNING] A preload for 'https://s6-recruiting.cdn.greenhouse.io/job_board_renderer/custom_fonts/fonts/400/002/000/original/ProximaNova-Regular.otf?1775258417' is found, but is not used because the request credentials mode does not match. Consider taking a look at crossorigin attribute. @ https://job-boards.greenhouse.io/astranis/jobs/4667477006:0
[     519ms] [WARNING] A preload for 'https://s6-recruiting.cdn.greenhouse.io/job_board_renderer/custom_fonts/fonts/400/002/000/original/ProximaNova-Regular.otf?1775258417' is found, but is not used because the request credentials mode does not match. Consider taking a look at crossorigin attribute. @ https://job-boards.greenhouse.io/astranis/jobs/4667477006:0
[     727ms] [ERROR] Failed to load resource: the server responded with a status of 401 () @ https://my.greenhouse.io/users/self?job_post_id=4667477006:0
[     728ms] UnauthorizedError: Unauthorized: User is not logged in.
    at Gs.fetchProfile (https://job-boards.cdn.greenhouse.io/assets/entry.client-6xjydqH5.js:61:71218)
[    5133ms] [WARNING] The resource https://s6-recruiting.cdn.greenhouse.io/job_board_renderer/custom_fonts/fonts/400/002/000/original/ProximaNova-Regular.otf?1775258417 was preloaded using link preload but not used within a few seconds from the window's load event. Please make sure it has an appropriate `as` value and it is preloaded intentionally. @ https://job-boards.greenhouse.io/astranis/jobs/4667477006:0
