[      32ms] [WARNING] React recovered from an error during hydration. Error: Minified React error #425; visit https://reactjs.org/docs/error-decoder.html?invariant=425 for the full message or use the non-minified dev environment for full errors and additional helpful warnings.
    at Js (https://job-boards.cdn.greenhouse.io/assets/vendor-CrmIOWxE.js:38:68)
    at A8 (https://job-boards.cdn.greenhouse.io/assets/vendor-CrmIOWxE.js:40:16079)
    at u9 (https://job-boards.cdn.greenhouse.io/assets/vendor-CrmIOWxE.js:40:40098)
    at s9 (https://job-boards.cdn.greenhouse.io/assets/vendor-CrmIOWxE.js:40:39851)
    at W8 (https://job-boards.cdn.greenhouse.io/assets/vendor-CrmIOWxE.js:40:39762)
    at i9 (https://job-boards.cdn.greenhouse.io/assets/vendor-CrmIOWxE.js:40:34745)
    at S (https://job-boards.cdn.greenhouse.io/assets/vendor-CrmIOWxE.js:25:1550)
    at MessagePort.M (https://job-boards.cdn.greenhouse.io/assets/vendor-CrmIOWxE.js:25:1910) @ https://job-boards.cdn.greenhouse.io/assets/vendor-CrmIOWxE.js:243
[      32ms] [WARNING] React recovered from an error during hydration. Error: Minified React error #418; visit https://reactjs.org/docs/error-decoder.html?invariant=418 for the full message or use the non-minified dev environment for full errors and additional helpful warnings.
    at o1 (https://job-boards.cdn.greenhouse.io/assets/vendor-CrmIOWxE.js:38:4812)
    at d9 (https://job-boards.cdn.greenhouse.io/assets/vendor-CrmIOWxE.js:40:45634)
    at s9 (https://job-boards.cdn.greenhouse.io/assets/vendor-CrmIOWxE.js:40:39790)
    at W8 (https://job-boards.cdn.greenhouse.io/assets/vendor-CrmIOWxE.js:40:39762)
    at i9 (https://job-boards.cdn.greenhouse.io/assets/vendor-CrmIOWxE.js:40:34745)
    at S (https://job-boards.cdn.greenhouse.io/assets/vendor-CrmIOWxE.js:25:1550)
    at MessagePort.M (https://job-boards.cdn.greenhouse.io/assets/vendor-CrmIOWxE.js:25:1910) @ https://job-boards.cdn.greenhouse.io/assets/vendor-CrmIOWxE.js:243
[      32ms] [WARNING] React recovered from an error during hydration. Error: Minified React error #418; visit https://reactjs.org/docs/error-decoder.html?invariant=418 for the full message or use the non-minified dev environment for full errors and additional helpful warnings.
    at o1 (https://job-boards.cdn.greenhouse.io/assets/vendor-CrmIOWxE.js:38:4812)
    at d9 (https://job-boards.cdn.greenhouse.io/assets/vendor-CrmIOWxE.js:40:45634)
    at s9 (https://job-boards.cdn.greenhouse.io/assets/vendor-CrmIOWxE.js:40:39790)
    at W8 (https://job-boards.cdn.greenhouse.io/assets/vendor-CrmIOWxE.js:40:39762)
    at i9 (https://job-boards.cdn.greenhouse.io/assets/vendor-CrmIOWxE.js:40:34745)
    at S (https://job-boards.cdn.greenhouse.io/assets/vendor-CrmIOWxE.js:25:1550)
    at MessagePort.M (https://job-boards.cdn.greenhouse.io/assets/vendor-CrmIOWxE.js:25:1910) @ https://job-boards.cdn.greenhouse.io/assets/vendor-CrmIOWxE.js:243
[      32ms] [WARNING] React recovered from an error during hydration. Error: Minified React error #418; visit https://reactjs.org/docs/error-decoder.html?invariant=418 for the full message or use the non-minified dev environment for full errors and additional helpful warnings.
    at o1 (https://job-boards.cdn.greenhouse.io/assets/vendor-CrmIOWxE.js:38:4812)
    at d9 (https://job-boards.cdn.greenhouse.io/assets/vendor-CrmIOWxE.js:40:45634)
    at s9 (https://job-boards.cdn.greenhouse.io/assets/vendor-CrmIOWxE.js:40:39790)
    at W8 (https://job-boards.cdn.greenhouse.io/assets/vendor-CrmIOWxE.js:40:39762)
    at i9 (https://job-boards.cdn.greenhouse.io/assets/vendor-CrmIOWxE.js:40:34745)
    at S (https://job-boards.cdn.greenhouse.io/assets/vendor-CrmIOWxE.js:25:1550)
    at MessagePort.M (https://job-boards.cdn.greenhouse.io/assets/vendor-CrmIOWxE.js:25:1910) @ https://job-boards.cdn.greenhouse.io/assets/vendor-CrmIOWxE.js:243
[      32ms] [WARNING] React recovered from an error during hydration. Error: Minified React error #423; visit https://reactjs.org/docs/error-decoder.html?invariant=423 for the full message or use the non-minified dev environment for full errors and additional helpful warnings.
    at d9 (https://job-boards.cdn.greenhouse.io/assets/vendor-CrmIOWxE.js:40:45291)
    at s9 (https://job-boards.cdn.greenhouse.io/assets/vendor-CrmIOWxE.js:40:39790)
    at z8 (https://job-boards.cdn.greenhouse.io/assets/vendor-CrmIOWxE.js:40:39718)
    at ll (https://job-boards.cdn.greenhouse.io/assets/vendor-CrmIOWxE.js:40:39570)
    at S1 (https://job-boards.cdn.greenhouse.io/assets/vendor-CrmIOWxE.js:40:35934)
    at i9 (https://job-boards.cdn.greenhouse.io/assets/vendor-CrmIOWxE.js:40:34883)
    at S (https://job-boards.cdn.greenhouse.io/assets/vendor-CrmIOWxE.js:25:1550)
    at MessagePort.M (https://job-boards.cdn.greenhouse.io/assets/vendor-CrmIOWxE.js:25:1910) @ https://job-boards.cdn.greenhouse.io/assets/vendor-CrmIOWxE.js:243
[      33ms] [WARNING] A preload for 'https://s2-recruiting.cdn.greenhouse.io/job_board_renderer/custom_fonts/fonts/400/006/500/original/RoobertTWITCH-Medium.woff?1774029035' is found, but is not used because the request credentials mode does not match. Consider taking a look at crossorigin attribute. @ https://job-boards.greenhouse.io/twitch/jobs/8367555002:0
[      33ms] [WARNING] A preload for 'https://s2-recruiting.cdn.greenhouse.io/job_board_renderer/custom_fonts/fonts/400/006/500/original/RoobertTWITCH-Medium.woff?1774029035' is found, but is not used because the request credentials mode does not match. Consider taking a look at crossorigin attribute. @ https://job-boards.greenhouse.io/twitch/jobs/8367555002:0
[     139ms] [ERROR] Failed to load resource: the server responded with a status of 401 () @ https://my.greenhouse.io/users/self?job_post_id=8367555002:0
[     140ms] UnauthorizedError: Unauthorized: User is not logged in.
    at Gs.fetchProfile (https://job-boards.cdn.greenhouse.io/assets/entry.client-7LaO0e09.js:61:71583)
[     368ms] [ERROR] Error: Minified React error #418; visit https://reactjs.org/docs/error-decoder.html?invariant=418 for the full message or use the non-minified dev environment for full errors and additional helpful warnings.
    at o1 (https://job-boards.cdn.greenhouse.io/assets/vendor-CrmIOWxE.js:38:4812)
    at d9 (https://job-boards.cdn.greenhouse.io/assets/vendor-CrmIOWxE.js:40:45634)
    at s9 (https://job-boards.cdn.greenhouse.io/assets/vendor-CrmIOWxE.js:40:39790)
    at W8 (https://job-boards.cdn.greenhouse.io/assets/vendor-CrmIOWxE.js:40:39762)
    at i9 (https://job-boards.cdn.greenhouse.io/assets/vendor-CrmIOWxE.js:40:34745)
    at S (https://job-boards.cdn.greenhouse.io/assets/vendor-CrmIOWxE.js:25:1550)
    at MessagePort.M (https://job-boards.cdn.greenhouse.io/assets/vendor-CrmIOWxE.js:25:1910) @ https://job-boards.cdn.greenhouse.io/assets/vendor-CrmIOWxE.js:243
