[    1040ms] [ERROR] Access to font at 'https://www.gmfinancial.com/content/dam/marketing-automation-ima' from origin 'https://fa-exvu-saasfaprod1.fa.ocs.oraclecloud.com' has been blocked by CORS policy: No 'Access-Control-Allow-Origin' header is present on the requested resource. @ https://fa-exvu-saasfaprod1.fa.ocs.oraclecloud.com/hcmUI/CandidateExperience/en/sites/CX_1/job/2227?utm_source=Simplify&ref=Simplify:0
[    1040ms] [ERROR] Failed to load resource: net::ERR_FAILED @ https://www.gmfinancial.com/content/dam/marketing-automation-ima:0
[    1319ms] [WARNING] BASE_URL_ATTR "data-base-url" not found @ https://static.oracle.com/cdn/fa/oj-hcm-ce/2601.9.253360703/js/main-minimal.js:1
[    1328ms] [INFO] No translation for key: apply-flow.communication-channel.sms-button-label (en) @ https://static.oracle.com/cdn/fa/oj-hcm-ce/2601.9.253360703/js/main-minimal.js:1
[    1329ms] [INFO] No translation for key: apply-flow.communication-channel.whatsapp-button-label (en) @ https://static.oracle.com/cdn/fa/oj-hcm-ce/2601.9.253360703/js/main-minimal.js:1
[    1720ms] [WARNING] Unknown global setting - ORA_IRC_CE_GJS_ENABLED @ https://static.oracle.com/cdn/fa/oj-hcm-ce/2601.9.253360703/js/main-minimal.js:1
[    1721ms] [WARNING] Unknown global setting - ORA_IRC_USER_TRACKING_ENABLE @ https://static.oracle.com/cdn/fa/oj-hcm-ce/2601.9.253360703/js/main-minimal.js:1
[    1721ms] [WARNING] Unknown global setting - ORA_IRC_NUMBER_OF_JOBS_TO_BE_LOADED_ON_MAP @ https://static.oracle.com/cdn/fa/oj-hcm-ce/2601.9.253360703/js/main-minimal.js:1
[    1721ms] [WARNING] Unknown global setting - ORA_IRC_FALLBACK_TO_SPRING @ https://static.oracle.com/cdn/fa/oj-hcm-ce/2601.9.253360703/js/main-minimal.js:1
[    1721ms] [WARNING] Unknown global setting - IRC_CE_USE_MODERN_TEMPLATE @ https://static.oracle.com/cdn/fa/oj-hcm-ce/2601.9.253360703/js/main-minimal.js:1
[    1721ms] [WARNING] Unknown global setting - ORA_IRC_EXWKR_CWKEXT_CITIZENSHIP_UPDATE_RECRUITER @ https://static.oracle.com/cdn/fa/oj-hcm-ce/2601.9.253360703/js/main-minimal.js:1
[    1721ms] [WARNING] Unknown global setting - IRC_CE_AGENT_STARTER_MESSAGE @ https://static.oracle.com/cdn/fa/oj-hcm-ce/2601.9.253360703/js/main-minimal.js:1
[    1834ms] [INFO] No translation for key: admin.ai-assistant-editor.header-background-color-label (en) @ https://static.oracle.com/cdn/fa/oj-hcm-ce/2601.9.253360703/js/main-minimal.js:1
[    1854ms] [INFO] No translation for key: Skip to main content. (en) @ https://static.oracle.com/cdn/fa/oj-hcm-ce/2601.9.253360703/js/main-minimal.js:1
[    2278ms] [INFO] styles loading... @ https://static.oracle.com/cdn/fa/oj-hcm-ce/2601.9.253360703/js/main-minimal.js:1
[   11728ms] [ERROR] undefined @ https://static.oracle.com/cdn/fa/oj-hcm-ce/2601.9.253360703/js/main-minimal.js:1
[   13118ms] GeolocationPositionError
[   39137ms] [INFO] No translation for key: Skip to main content. (en) @ https://static.oracle.com/cdn/fa/oj-hcm-ce/2601.9.253360703/js/main-minimal.js:1
[   39310ms] [INFO] No translation for key: false (en) @ https://static.oracle.com/cdn/fa/oj-hcm-ce/2601.9.253360703/js/main-minimal.js:1
[   39312ms] [INFO] No translation for key: false (en) @ https://static.oracle.com/cdn/fa/oj-hcm-ce/2601.9.253360703/js/main-minimal.js:1
[   39350ms] [INFO] No translation for key: false (en) @ https://static.oracle.com/cdn/fa/oj-hcm-ce/2601.9.253360703/js/main-minimal.js:1
[   79681ms] [INFO] No translation for key: true (en) @ https://static.oracle.com/cdn/fa/oj-hcm-ce/2601.9.253360703/js/main-minimal.js:1
[  118230ms] [INFO] No translation for key: false (en) @ https://static.oracle.com/cdn/fa/oj-hcm-ce/2601.9.253360703/js/main-minimal.js:1
[  125135ms] [INFO] No translation for key: false (en) @ https://static.oracle.com/cdn/fa/oj-hcm-ce/2601.9.253360703/js/main-minimal.js:1
[  125139ms] [INFO] No translation for key: false (en) @ https://static.oracle.com/cdn/fa/oj-hcm-ce/2601.9.253360703/js/main-minimal.js:1
[  125140ms] [INFO] No translation for key: false (en) @ https://static.oracle.com/cdn/fa/oj-hcm-ce/2601.9.253360703/js/main-minimal.js:1
[  125140ms] [INFO] No translation for key: false (en) @ https://static.oracle.com/cdn/fa/oj-hcm-ce/2601.9.253360703/js/main-minimal.js:1
[  125141ms] [INFO] No translation for key: false (en) @ https://static.oracle.com/cdn/fa/oj-hcm-ce/2601.9.253360703/js/main-minimal.js:1
[  125141ms] [INFO] No translation for key: false (en) @ https://static.oracle.com/cdn/fa/oj-hcm-ce/2601.9.253360703/js/main-minimal.js:1
