[     206ms] [ERROR] Access to resource at 'https://community.workday.com/maintenance-page' (redirected from 'https://comcast.wd5.myworkdayjobs.com/Comcast_Careers/job/PA---Philadelphia-1800-Arch-St/undefined') from origin 'https://comcast.wd5.myworkdayjobs.com' has been blocked by CORS policy: No 'Access-Control-Allow-Origin' header is present on the requested resource. @ https://comcast.wd5.myworkdayjobs.com/Comcast_Careers/job/PA---Philadelphia-1800-Arch-St/Engineer-1--Software-Dev---Engineering_R437523?utm_source=Simplify&ref=Simplify:0
[     206ms] [ERROR] Failed to load resource: net::ERR_FAILED @ https://community.workday.com/maintenance-page:0
[     705ms] [LOG] Page authentication status: false @ https://amazon.jobs/en/jobs/3141336/software-engineer-i?utm_source=Simplify&ref=Simplify:72
[     705ms] [LOG] Internal user status: false @ https://amazon.jobs/en/jobs/3141336/software-engineer-i?utm_source=Simplify&ref=Simplify:73
[     958ms] [ERROR] Loading the script 'https://bat.bing.com/bat.js' violates the following Content Security Policy directive: "script-src-elem 'self' 'unsafe-inline' apply.talentbrew.io assets.adobedtm.com bs.serving-sys.com d1fc8wv8zag5ca.cloudfront.net d1o95ve0lr2m33.cloudfront.net d1t40axu4ik42k.cloudfront.net googleadservices.com images-na.ssl-images-amazon.com secure-ds.serving-sys.com snap.licdn.com static.amazon.jobs static-gamma.amazon.jobs www.googletagmanager.com www.youtube.com midway-auth.amazon.com connect.facebook.net googleads.g.doubleclick.net ava.hirise.amazon.dev". The action has been blocked. @ https://www.googletagmanager.com/gtm.js?id=GTM-WJSMBWKS:218
[    1041ms] [LOG] {
	"eventData": {},
	"job": {
		"category": "Software Development",
		"countryCode": "USA",
		"division": "subsidiaries",
		"id": "3141336",
		"jobLocation": "multi",
		"jobFindingMethod": " ",
		"title": "Software Engineer I",
		"relatedJobId": []
	},
	"page": {
		"pageInfo": {
			"countryLanguage": "en",
			"pageName": "Amazon.jobs | Job Details Page",
			"pageType": "",
			"advertisingCookieID": "b3d6d0d8-a298-40ec-8071-f0822b52309a",
			"analyticsCookieID": "0d7de396-d7d0-493d-8b86-36b67bbf17f4",
			"siteSection": "amazon jobs",
			"tabName": "",
			"userID": "",
			"userActionStoreId": "0d7de396-d7d0-493d-8b86-36b67bbf17f4",
			"peopleSoftId": "",
			"userType": "guest",
			"userAuthMode": ""
		},
		"experiment": {
			"experimentDetails": null
		}
	}
} @ https://d1o95ve0lr2m33.cloudfront.net/launch-ENb97d7f9d2d4b4720ac9782a711994995.min.js:7
[    1341ms] [LOG] ChatWidget Web Component bundle loaded successfully. Use <chat-widget></chat-widget> in your HTML. @ https://ava.hirise.amazon.dev/assets/webcomponent/chat-widget.iife.js:37
[    1341ms] [LOG] ChatWidget loaded @ https://amazon.jobs/en/jobs/3141336/software-engineer-i?utm_source=Simplify&ref=Simplify:77
[    1758ms] [LOG] [RUM] Initialization complete @ https://ava.hirise.amazon.dev/assets/webcomponent/chat-widget.iife.js:37
[    2067ms] [ERROR] Loading the image 'https://px4.ads.linkedin.com/collect?v=2&fmt=js&pid=2897721&time=1779974204131&li_adsId=bd30ec0d-606e-499b-8101-e45e9e6fed05&url=https%3A%2F%2Famazon.jobs%2Fen%2Fjobs%2F3141336%2Fsoftware-engineer-i%3Futm_source%3DSimplify%26ref%3DSimplify&tm=gtmv2&liSync=true&e_ipv6=AQJO_qRNnQY_8gAAAZ5uuu0NdElnlGlYDUqr8OcL2rmX6GtfDM-llyzLAfJqIlnd5Dvgz6doVn7DIj-NsQyL1faSQusZFSC4jg' violates the following Content Security Policy directive: "img-src 'self' data: acdn.adnxs.com ad.doubleclick.net amazonhr.sc.omtrdc.net analytics.talentbrew.io cm.everesttech.net d1.awsstatic.com dpm.demdex.net fonts.gstatic.com ib.adnxs.com internal-cdn.amazon.com m.media-amazon.com px.ads.linkedin.com www.linkedin.com s3.us-west-2.amazonaws.com s3-us-west-2.amazonaws.com static.amazon.jobs static-gamma.amazon.jobs translate.google.com www.google-analytics.com www.google.com www.googleadservices.com www.googletagmanager.com". The action has been blocked. @ https://amazon.jobs/en/jobs/3141336/software-engineer-i?utm_source=Simplify&ref=Simplify:0
[    5524ms] [WARNING] The resource https://static.amazon.jobs/assets/bootstrap-alpha5-1af4aa065b2c6a512b7e6cec4359c03f7c6870ad089cf5e06a9bcd67facf059c.css was preloaded using link preload but not used within a few seconds from the window's load event. Please make sure it has an appropriate `as` value and it is preloaded intentionally. @ https://amazon.jobs/en/jobs/3141336/software-engineer-i?utm_source=Simplify&ref=Simplify:0
